[2022-10-24 12:24:41] development.ERROR: CommandErrorException => As credenciais estão inválidas  
[2022-10-24 12:59:00] development.ERROR: SQLSTATE[HY000] [1045] Access denied for user 'caique'@'localhost' (using password: YES) (SQL: select * from information_schema.tables where table_schema = home_accounting and table_name = migrations and table_type = 'BASE TABLE') {"exception":"[object] (Illuminate\\Database\\QueryException(code: 1045): SQLSTATE[HY000] [1045] Access denied for user 'caique'@'localhost' (using password: YES) (SQL: select * from information_schema.tables where table_schema = home_accounting and table_name = migrations and table_type = 'BASE TABLE') at /home/piggly/Shared/development/github/caiquearaujo/organizze-sync/vendor/illuminate/database/Connection.php:712)
[stacktrace]
#0 /home/piggly/Shared/development/github/caiquearaujo/organizze-sync/vendor/illuminate/database/Connection.php(672): Illuminate\\Database\\Connection->runQueryCallback()
#1 /home/piggly/Shared/development/github/caiquearaujo/organizze-sync/vendor/illuminate/database/Connection.php(376): Illuminate\\Database\\Connection->run()
#2 /home/piggly/Shared/development/github/caiquearaujo/organizze-sync/vendor/illuminate/database/Schema/MySqlBuilder.php(44): Illuminate\\Database\\Connection->select()
#3 /home/piggly/Shared/development/github/caiquearaujo/organizze-sync/vendor/illuminate/database/Migrations/DatabaseMigrationRepository.php(169): Illuminate\\Database\\Schema\\MySqlBuilder->hasTable()
#4 /home/piggly/Shared/development/github/caiquearaujo/organizze-sync/vendor/illuminate/database/Migrations/Migrator.php(673): Illuminate\\Database\\Migrations\\DatabaseMigrationRepository->repositoryExists()
#5 /home/piggly/Shared/development/github/caiquearaujo/organizze-sync/vendor/illuminate/database/Console/Migrations/MigrateCommand.php(110): Illuminate\\Database\\Migrations\\Migrator->repositoryExists()
#6 /home/piggly/Shared/development/github/caiquearaujo/organizze-sync/vendor/illuminate/database/Console/Migrations/MigrateCommand.php(78): Illuminate\\Database\\Console\\Migrations\\MigrateCommand->prepareDatabase()
#7 /home/piggly/Shared/development/github/caiquearaujo/organizze-sync/vendor/illuminate/database/Migrations/Migrator.php(606): Illuminate\\Database\\Console\\Migrations\\MigrateCommand->Illuminate\\Database\\Console\\Migrations\\{closure}()
#8 /home/piggly/Shared/development/github/caiquearaujo/organizze-sync/vendor/illuminate/database/Console/Migrations/MigrateCommand.php(98): Illuminate\\Database\\Migrations\\Migrator->usingConnection()
#9 /home/piggly/Shared/development/github/caiquearaujo/organizze-sync/vendor/illuminate/container/BoundMethod.php(36): Illuminate\\Database\\Console\\Migrations\\MigrateCommand->handle()
#10 /home/piggly/Shared/development/github/caiquearaujo/organizze-sync/vendor/illuminate/container/Util.php(40): Illuminate\\Container\\BoundMethod::Illuminate\\Container\\{closure}()
#11 /home/piggly/Shared/development/github/caiquearaujo/organizze-sync/vendor/illuminate/container/BoundMethod.php(93): Illuminate\\Container\\Util::unwrapIfClosure()
#12 /home/piggly/Shared/development/github/caiquearaujo/organizze-sync/vendor/illuminate/container/BoundMethod.php(37): Illuminate\\Container\\BoundMethod::callBoundMethod()
#13 /home/piggly/Shared/development/github/caiquearaujo/organizze-sync/vendor/illuminate/container/Container.php(653): Illuminate\\Container\\BoundMethod::call()
#14 /home/piggly/Shared/development/github/caiquearaujo/organizze-sync/vendor/illuminate/console/Command.php(136): Illuminate\\Container\\Container->call()
#15 /home/piggly/Shared/development/github/caiquearaujo/organizze-sync/vendor/symfony/console/Command/Command.php(298): Illuminate\\Console\\Command->execute()
#16 /home/piggly/Shared/development/github/caiquearaujo/organizze-sync/vendor/illuminate/console/Command.php(121): Symfony\\Component\\Console\\Command\\Command->run()
#17 /home/piggly/Shared/development/github/caiquearaujo/organizze-sync/vendor/illuminate/console/Concerns/CallsCommands.php(68): Illuminate\\Console\\Command->run()
#18 /home/piggly/Shared/development/github/caiquearaujo/organizze-sync/vendor/illuminate/console/Concerns/CallsCommands.php(28): Illuminate\\Console\\Command->runCommand()
#19 /home/piggly/Shared/development/github/caiquearaujo/organizze-sync/vendor/laravel-zero/framework/src/Commands/Command.php(83): Illuminate\\Console\\Command->call()
#20 /home/piggly/Shared/development/github/caiquearaujo/organizze-sync/app/Commands/UpdateCommand.php(46): LaravelZero\\Framework\\Commands\\Command->call()
#21 /home/piggly/Shared/development/github/caiquearaujo/organizze-sync/vendor/illuminate/container/BoundMethod.php(36): App\\Commands\\UpdateCommand->handle()
#22 /home/piggly/Shared/development/github/caiquearaujo/organizze-sync/vendor/illuminate/container/Util.php(40): Illuminate\\Container\\BoundMethod::Illuminate\\Container\\{closure}()
#23 /home/piggly/Shared/development/github/caiquearaujo/organizze-sync/vendor/illuminate/container/BoundMethod.php(93): Illuminate\\Container\\Util::unwrapIfClosure()
#24 /home/piggly/Shared/development/github/caiquearaujo/organizze-sync/vendor/illuminate/container/BoundMethod.php(37): Illuminate\\Container\\BoundMethod::callBoundMethod()
#25 /home/piggly/Shared/development/github/caiquearaujo/organizze-sync/vendor/illuminate/container/Container.php(653): Illuminate\\Container\\BoundMethod::call()
#26 /home/piggly/Shared/development/github/caiquearaujo/organizze-sync/vendor/illuminate/console/Command.php(136): Illuminate\\Container\\Container->call()
#27 /home/piggly/Shared/development/github/caiquearaujo/organizze-sync/vendor/symfony/console/Command/Command.php(298): Illuminate\\Console\\Command->execute()
#28 /home/piggly/Shared/development/github/caiquearaujo/organizze-sync/vendor/illuminate/console/Command.php(121): Symfony\\Component\\Console\\Command\\Command->run()
#29 /home/piggly/Shared/development/github/caiquearaujo/organizze-sync/vendor/symfony/console/Application.php(1028): Illuminate\\Console\\Command->run()
#30 /home/piggly/Shared/development/github/caiquearaujo/organizze-sync/vendor/symfony/console/Application.php(299): Symfony\\Component\\Console\\Application->doRunCommand()
#31 /home/piggly/Shared/development/github/caiquearaujo/organizze-sync/vendor/symfony/console/Application.php(171): Symfony\\Component\\Console\\Application->doRun()
#32 /home/piggly/Shared/development/github/caiquearaujo/organizze-sync/vendor/illuminate/console/Application.php(94): Symfony\\Component\\Console\\Application->run()
#33 /home/piggly/Shared/development/github/caiquearaujo/organizze-sync/vendor/laravel-zero/foundation/src/Illuminate/Foundation/Console/Kernel.php(129): Illuminate\\Console\\Application->run()
#34 /home/piggly/Shared/development/github/caiquearaujo/organizze-sync/vendor/laravel-zero/framework/src/Kernel.php(91): Illuminate\\Foundation\\Console\\Kernel->handle()
#35 /home/piggly/Shared/development/github/caiquearaujo/organizze-sync/organizze-sync(37): LaravelZero\\Framework\\Kernel->handle()
#36 {main}

[previous exception] [object] (PDOException(code: 1045): SQLSTATE[HY000] [1045] Access denied for user 'caique'@'localhost' (using password: YES) at /home/piggly/Shared/development/github/caiquearaujo/organizze-sync/vendor/illuminate/database/Connectors/Connector.php:70)
[stacktrace]
#0 /home/piggly/Shared/development/github/caiquearaujo/organizze-sync/vendor/illuminate/database/Connectors/Connector.php(70): PDO->__construct()
#1 /home/piggly/Shared/development/github/caiquearaujo/organizze-sync/vendor/illuminate/database/Connectors/Connector.php(46): Illuminate\\Database\\Connectors\\Connector->createPdoConnection()
#2 /home/piggly/Shared/development/github/caiquearaujo/organizze-sync/vendor/illuminate/database/Connectors/MySqlConnector.php(24): Illuminate\\Database\\Connectors\\Connector->createConnection()
#3 /home/piggly/Shared/development/github/caiquearaujo/organizze-sync/vendor/illuminate/database/Connectors/ConnectionFactory.php(184): Illuminate\\Database\\Connectors\\MySqlConnector->connect()
#4 [internal function]: Illuminate\\Database\\Connectors\\ConnectionFactory->Illuminate\\Database\\Connectors\\{closure}()
#5 /home/piggly/Shared/development/github/caiquearaujo/organizze-sync/vendor/illuminate/database/Connection.php(1064): call_user_func()
#6 /home/piggly/Shared/development/github/caiquearaujo/organizze-sync/vendor/illuminate/database/Connection.php(1100): Illuminate\\Database\\Connection->getPdo()
#7 /home/piggly/Shared/development/github/caiquearaujo/organizze-sync/vendor/illuminate/database/Connection.php(442): Illuminate\\Database\\Connection->getReadPdo()
#8 /home/piggly/Shared/development/github/caiquearaujo/organizze-sync/vendor/illuminate/database/Connection.php(368): Illuminate\\Database\\Connection->getPdoForSelect()
#9 /home/piggly/Shared/development/github/caiquearaujo/organizze-sync/vendor/illuminate/database/Connection.php(705): Illuminate\\Database\\Connection->Illuminate\\Database\\{closure}()
#10 /home/piggly/Shared/development/github/caiquearaujo/organizze-sync/vendor/illuminate/database/Connection.php(672): Illuminate\\Database\\Connection->runQueryCallback()
#11 /home/piggly/Shared/development/github/caiquearaujo/organizze-sync/vendor/illuminate/database/Connection.php(376): Illuminate\\Database\\Connection->run()
#12 /home/piggly/Shared/development/github/caiquearaujo/organizze-sync/vendor/illuminate/database/Schema/MySqlBuilder.php(44): Illuminate\\Database\\Connection->select()
#13 /home/piggly/Shared/development/github/caiquearaujo/organizze-sync/vendor/illuminate/database/Migrations/DatabaseMigrationRepository.php(169): Illuminate\\Database\\Schema\\MySqlBuilder->hasTable()
#14 /home/piggly/Shared/development/github/caiquearaujo/organizze-sync/vendor/illuminate/database/Migrations/Migrator.php(673): Illuminate\\Database\\Migrations\\DatabaseMigrationRepository->repositoryExists()
#15 /home/piggly/Shared/development/github/caiquearaujo/organizze-sync/vendor/illuminate/database/Console/Migrations/MigrateCommand.php(110): Illuminate\\Database\\Migrations\\Migrator->repositoryExists()
#16 /home/piggly/Shared/development/github/caiquearaujo/organizze-sync/vendor/illuminate/database/Console/Migrations/MigrateCommand.php(78): Illuminate\\Database\\Console\\Migrations\\MigrateCommand->prepareDatabase()
#17 /home/piggly/Shared/development/github/caiquearaujo/organizze-sync/vendor/illuminate/database/Migrations/Migrator.php(606): Illuminate\\Database\\Console\\Migrations\\MigrateCommand->Illuminate\\Database\\Console\\Migrations\\{closure}()
#18 /home/piggly/Shared/development/github/caiquearaujo/organizze-sync/vendor/illuminate/database/Console/Migrations/MigrateCommand.php(98): Illuminate\\Database\\Migrations\\Migrator->usingConnection()
#19 /home/piggly/Shared/development/github/caiquearaujo/organizze-sync/vendor/illuminate/container/BoundMethod.php(36): Illuminate\\Database\\Console\\Migrations\\MigrateCommand->handle()
#20 /home/piggly/Shared/development/github/caiquearaujo/organizze-sync/vendor/illuminate/container/Util.php(40): Illuminate\\Container\\BoundMethod::Illuminate\\Container\\{closure}()
#21 /home/piggly/Shared/development/github/caiquearaujo/organizze-sync/vendor/illuminate/container/BoundMethod.php(93): Illuminate\\Container\\Util::unwrapIfClosure()
#22 /home/piggly/Shared/development/github/caiquearaujo/organizze-sync/vendor/illuminate/container/BoundMethod.php(37): Illuminate\\Container\\BoundMethod::callBoundMethod()
#23 /home/piggly/Shared/development/github/caiquearaujo/organizze-sync/vendor/illuminate/container/Container.php(653): Illuminate\\Container\\BoundMethod::call()
#24 /home/piggly/Shared/development/github/caiquearaujo/organizze-sync/vendor/illuminate/console/Command.php(136): Illuminate\\Container\\Container->call()
#25 /home/piggly/Shared/development/github/caiquearaujo/organizze-sync/vendor/symfony/console/Command/Command.php(298): Illuminate\\Console\\Command->execute()
#26 /home/piggly/Shared/development/github/caiquearaujo/organizze-sync/vendor/illuminate/console/Command.php(121): Symfony\\Component\\Console\\Command\\Command->run()
#27 /home/piggly/Shared/development/github/caiquearaujo/organizze-sync/vendor/illuminate/console/Concerns/CallsCommands.php(68): Illuminate\\Console\\Command->run()
#28 /home/piggly/Shared/development/github/caiquearaujo/organizze-sync/vendor/illuminate/console/Concerns/CallsCommands.php(28): Illuminate\\Console\\Command->runCommand()
#29 /home/piggly/Shared/development/github/caiquearaujo/organizze-sync/vendor/laravel-zero/framework/src/Commands/Command.php(83): Illuminate\\Console\\Command->call()
#30 /home/piggly/Shared/development/github/caiquearaujo/organizze-sync/app/Commands/UpdateCommand.php(46): LaravelZero\\Framework\\Commands\\Command->call()
#31 /home/piggly/Shared/development/github/caiquearaujo/organizze-sync/vendor/illuminate/container/BoundMethod.php(36): App\\Commands\\UpdateCommand->handle()
#32 /home/piggly/Shared/development/github/caiquearaujo/organizze-sync/vendor/illuminate/container/Util.php(40): Illuminate\\Container\\BoundMethod::Illuminate\\Container\\{closure}()
#33 /home/piggly/Shared/development/github/caiquearaujo/organizze-sync/vendor/illuminate/container/BoundMethod.php(93): Illuminate\\Container\\Util::unwrapIfClosure()
#34 /home/piggly/Shared/development/github/caiquearaujo/organizze-sync/vendor/illuminate/container/BoundMethod.php(37): Illuminate\\Container\\BoundMethod::callBoundMethod()
#35 /home/piggly/Shared/development/github/caiquearaujo/organizze-sync/vendor/illuminate/container/Container.php(653): Illuminate\\Container\\BoundMethod::call()
#36 /home/piggly/Shared/development/github/caiquearaujo/organizze-sync/vendor/illuminate/console/Command.php(136): Illuminate\\Container\\Container->call()
#37 /home/piggly/Shared/development/github/caiquearaujo/organizze-sync/vendor/symfony/console/Command/Command.php(298): Illuminate\\Console\\Command->execute()
#38 /home/piggly/Shared/development/github/caiquearaujo/organizze-sync/vendor/illuminate/console/Command.php(121): Symfony\\Component\\Console\\Command\\Command->run()
#39 /home/piggly/Shared/development/github/caiquearaujo/organizze-sync/vendor/symfony/console/Application.php(1028): Illuminate\\Console\\Command->run()
#40 /home/piggly/Shared/development/github/caiquearaujo/organizze-sync/vendor/symfony/console/Application.php(299): Symfony\\Component\\Console\\Application->doRunCommand()
#41 /home/piggly/Shared/development/github/caiquearaujo/organizze-sync/vendor/symfony/console/Application.php(171): Symfony\\Component\\Console\\Application->doRun()
#42 /home/piggly/Shared/development/github/caiquearaujo/organizze-sync/vendor/illuminate/console/Application.php(94): Symfony\\Component\\Console\\Application->run()
#43 /home/piggly/Shared/development/github/caiquearaujo/organizze-sync/vendor/laravel-zero/foundation/src/Illuminate/Foundation/Console/Kernel.php(129): Illuminate\\Console\\Application->run()
#44 /home/piggly/Shared/development/github/caiquearaujo/organizze-sync/vendor/laravel-zero/framework/src/Kernel.php(91): Illuminate\\Foundation\\Console\\Kernel->handle()
#45 /home/piggly/Shared/development/github/caiquearaujo/organizze-sync/organizze-sync(37): LaravelZero\\Framework\\Kernel->handle()
#46 {main}
"} 
[2022-10-24 12:59:21] development.ERROR: SQLSTATE[42000]: Syntax error or access violation: 1068 Multiple primary key defined (SQL: alter table `categories` add primary key `categories_local_id_primary`(`local_id`)) {"exception":"[object] (Illuminate\\Database\\QueryException(code: 42000): SQLSTATE[42000]: Syntax error or access violation: 1068 Multiple primary key defined (SQL: alter table `categories` add primary key `categories_local_id_primary`(`local_id`)) at /home/piggly/Shared/development/github/caiquearaujo/organizze-sync/vendor/illuminate/database/Connection.php:712)
[stacktrace]
#0 /home/piggly/Shared/development/github/caiquearaujo/organizze-sync/vendor/illuminate/database/Connection.php(672): Illuminate\\Database\\Connection->runQueryCallback()
#1 /home/piggly/Shared/development/github/caiquearaujo/organizze-sync/vendor/illuminate/database/Connection.php(502): Illuminate\\Database\\Connection->run()
#2 /home/piggly/Shared/development/github/caiquearaujo/organizze-sync/vendor/illuminate/database/Schema/Blueprint.php(109): Illuminate\\Database\\Connection->statement()
#3 /home/piggly/Shared/development/github/caiquearaujo/organizze-sync/vendor/illuminate/database/Schema/Builder.php(364): Illuminate\\Database\\Schema\\Blueprint->build()
#4 /home/piggly/Shared/development/github/caiquearaujo/organizze-sync/vendor/illuminate/database/Schema/Builder.php(227): Illuminate\\Database\\Schema\\Builder->build()
#5 /home/piggly/Shared/development/github/caiquearaujo/organizze-sync/vendor/illuminate/support/Facades/Facade.php(261): Illuminate\\Database\\Schema\\Builder->create()
#6 /home/piggly/Shared/development/github/caiquearaujo/organizze-sync/database/migrations/2022_10_23_024535_create_categories_table.php(35): Illuminate\\Support\\Facades\\Facade::__callStatic()
#7 /home/piggly/Shared/development/github/caiquearaujo/organizze-sync/vendor/illuminate/database/Migrations/Migrator.php(472): CreateCategoriesTable->up()
#8 /home/piggly/Shared/development/github/caiquearaujo/organizze-sync/vendor/illuminate/database/Migrations/Migrator.php(394): Illuminate\\Database\\Migrations\\Migrator->runMethod()
#9 /home/piggly/Shared/development/github/caiquearaujo/organizze-sync/vendor/illuminate/database/Migrations/Migrator.php(403): Illuminate\\Database\\Migrations\\Migrator->Illuminate\\Database\\Migrations\\{closure}()
#10 /home/piggly/Shared/development/github/caiquearaujo/organizze-sync/vendor/illuminate/database/Migrations/Migrator.php(202): Illuminate\\Database\\Migrations\\Migrator->runMigration()
#11 /home/piggly/Shared/development/github/caiquearaujo/organizze-sync/vendor/illuminate/database/Migrations/Migrator.php(167): Illuminate\\Database\\Migrations\\Migrator->runUp()
#12 /home/piggly/Shared/development/github/caiquearaujo/organizze-sync/vendor/illuminate/database/Migrations/Migrator.php(112): Illuminate\\Database\\Migrations\\Migrator->runPending()
#13 /home/piggly/Shared/development/github/caiquearaujo/organizze-sync/vendor/illuminate/database/Console/Migrations/MigrateCommand.php(86): Illuminate\\Database\\Migrations\\Migrator->run()
#14 /home/piggly/Shared/development/github/caiquearaujo/organizze-sync/vendor/illuminate/database/Migrations/Migrator.php(606): Illuminate\\Database\\Console\\Migrations\\MigrateCommand->Illuminate\\Database\\Console\\Migrations\\{closure}()
#15 /home/piggly/Shared/development/github/caiquearaujo/organizze-sync/vendor/illuminate/database/Console/Migrations/MigrateCommand.php(98): Illuminate\\Database\\Migrations\\Migrator->usingConnection()
#16 /home/piggly/Shared/development/github/caiquearaujo/organizze-sync/vendor/illuminate/container/BoundMethod.php(36): Illuminate\\Database\\Console\\Migrations\\MigrateCommand->handle()
#17 /home/piggly/Shared/development/github/caiquearaujo/organizze-sync/vendor/illuminate/container/Util.php(40): Illuminate\\Container\\BoundMethod::Illuminate\\Container\\{closure}()
#18 /home/piggly/Shared/development/github/caiquearaujo/organizze-sync/vendor/illuminate/container/BoundMethod.php(93): Illuminate\\Container\\Util::unwrapIfClosure()
#19 /home/piggly/Shared/development/github/caiquearaujo/organizze-sync/vendor/illuminate/container/BoundMethod.php(37): Illuminate\\Container\\BoundMethod::callBoundMethod()
#20 /home/piggly/Shared/development/github/caiquearaujo/organizze-sync/vendor/illuminate/container/Container.php(653): Illuminate\\Container\\BoundMethod::call()
#21 /home/piggly/Shared/development/github/caiquearaujo/organizze-sync/vendor/illuminate/console/Command.php(136): Illuminate\\Container\\Container->call()
#22 /home/piggly/Shared/development/github/caiquearaujo/organizze-sync/vendor/symfony/console/Command/Command.php(298): Illuminate\\Console\\Command->execute()
#23 /home/piggly/Shared/development/github/caiquearaujo/organizze-sync/vendor/illuminate/console/Command.php(121): Symfony\\Component\\Console\\Command\\Command->run()
#24 /home/piggly/Shared/development/github/caiquearaujo/organizze-sync/vendor/illuminate/console/Concerns/CallsCommands.php(68): Illuminate\\Console\\Command->run()
#25 /home/piggly/Shared/development/github/caiquearaujo/organizze-sync/vendor/illuminate/console/Concerns/CallsCommands.php(28): Illuminate\\Console\\Command->runCommand()
#26 /home/piggly/Shared/development/github/caiquearaujo/organizze-sync/vendor/laravel-zero/framework/src/Commands/Command.php(83): Illuminate\\Console\\Command->call()
#27 /home/piggly/Shared/development/github/caiquearaujo/organizze-sync/app/Commands/UpdateCommand.php(46): LaravelZero\\Framework\\Commands\\Command->call()
#28 /home/piggly/Shared/development/github/caiquearaujo/organizze-sync/vendor/illuminate/container/BoundMethod.php(36): App\\Commands\\UpdateCommand->handle()
#29 /home/piggly/Shared/development/github/caiquearaujo/organizze-sync/vendor/illuminate/container/Util.php(40): Illuminate\\Container\\BoundMethod::Illuminate\\Container\\{closure}()
#30 /home/piggly/Shared/development/github/caiquearaujo/organizze-sync/vendor/illuminate/container/BoundMethod.php(93): Illuminate\\Container\\Util::unwrapIfClosure()
#31 /home/piggly/Shared/development/github/caiquearaujo/organizze-sync/vendor/illuminate/container/BoundMethod.php(37): Illuminate\\Container\\BoundMethod::callBoundMethod()
#32 /home/piggly/Shared/development/github/caiquearaujo/organizze-sync/vendor/illuminate/container/Container.php(653): Illuminate\\Container\\BoundMethod::call()
#33 /home/piggly/Shared/development/github/caiquearaujo/organizze-sync/vendor/illuminate/console/Command.php(136): Illuminate\\Container\\Container->call()
#34 /home/piggly/Shared/development/github/caiquearaujo/organizze-sync/vendor/symfony/console/Command/Command.php(298): Illuminate\\Console\\Command->execute()
#35 /home/piggly/Shared/development/github/caiquearaujo/organizze-sync/vendor/illuminate/console/Command.php(121): Symfony\\Component\\Console\\Command\\Command->run()
#36 /home/piggly/Shared/development/github/caiquearaujo/organizze-sync/vendor/symfony/console/Application.php(1028): Illuminate\\Console\\Command->run()
#37 /home/piggly/Shared/development/github/caiquearaujo/organizze-sync/vendor/symfony/console/Application.php(299): Symfony\\Component\\Console\\Application->doRunCommand()
#38 /home/piggly/Shared/development/github/caiquearaujo/organizze-sync/vendor/symfony/console/Application.php(171): Symfony\\Component\\Console\\Application->doRun()
#39 /home/piggly/Shared/development/github/caiquearaujo/organizze-sync/vendor/illuminate/console/Application.php(94): Symfony\\Component\\Console\\Application->run()
#40 /home/piggly/Shared/development/github/caiquearaujo/organizze-sync/vendor/laravel-zero/foundation/src/Illuminate/Foundation/Console/Kernel.php(129): Illuminate\\Console\\Application->run()
#41 /home/piggly/Shared/development/github/caiquearaujo/organizze-sync/vendor/laravel-zero/framework/src/Kernel.php(91): Illuminate\\Foundation\\Console\\Kernel->handle()
#42 /home/piggly/Shared/development/github/caiquearaujo/organizze-sync/organizze-sync(37): LaravelZero\\Framework\\Kernel->handle()
#43 {main}

[previous exception] [object] (PDOException(code: 42000): SQLSTATE[42000]: Syntax error or access violation: 1068 Multiple primary key defined at /home/piggly/Shared/development/github/caiquearaujo/organizze-sync/vendor/illuminate/database/Connection.php:501)
[stacktrace]
#0 /home/piggly/Shared/development/github/caiquearaujo/organizze-sync/vendor/illuminate/database/Connection.php(501): PDOStatement->execute()
#1 /home/piggly/Shared/development/github/caiquearaujo/organizze-sync/vendor/illuminate/database/Connection.php(705): Illuminate\\Database\\Connection->Illuminate\\Database\\{closure}()
#2 /home/piggly/Shared/development/github/caiquearaujo/organizze-sync/vendor/illuminate/database/Connection.php(672): Illuminate\\Database\\Connection->runQueryCallback()
#3 /home/piggly/Shared/development/github/caiquearaujo/organizze-sync/vendor/illuminate/database/Connection.php(502): Illuminate\\Database\\Connection->run()
#4 /home/piggly/Shared/development/github/caiquearaujo/organizze-sync/vendor/illuminate/database/Schema/Blueprint.php(109): Illuminate\\Database\\Connection->statement()
#5 /home/piggly/Shared/development/github/caiquearaujo/organizze-sync/vendor/illuminate/database/Schema/Builder.php(364): Illuminate\\Database\\Schema\\Blueprint->build()
#6 /home/piggly/Shared/development/github/caiquearaujo/organizze-sync/vendor/illuminate/database/Schema/Builder.php(227): Illuminate\\Database\\Schema\\Builder->build()
#7 /home/piggly/Shared/development/github/caiquearaujo/organizze-sync/vendor/illuminate/support/Facades/Facade.php(261): Illuminate\\Database\\Schema\\Builder->create()
#8 /home/piggly/Shared/development/github/caiquearaujo/organizze-sync/database/migrations/2022_10_23_024535_create_categories_table.php(35): Illuminate\\Support\\Facades\\Facade::__callStatic()
#9 /home/piggly/Shared/development/github/caiquearaujo/organizze-sync/vendor/illuminate/database/Migrations/Migrator.php(472): CreateCategoriesTable->up()
#10 /home/piggly/Shared/development/github/caiquearaujo/organizze-sync/vendor/illuminate/database/Migrations/Migrator.php(394): Illuminate\\Database\\Migrations\\Migrator->runMethod()
#11 /home/piggly/Shared/development/github/caiquearaujo/organizze-sync/vendor/illuminate/database/Migrations/Migrator.php(403): Illuminate\\Database\\Migrations\\Migrator->Illuminate\\Database\\Migrations\\{closure}()
#12 /home/piggly/Shared/development/github/caiquearaujo/organizze-sync/vendor/illuminate/database/Migrations/Migrator.php(202): Illuminate\\Database\\Migrations\\Migrator->runMigration()
#13 /home/piggly/Shared/development/github/caiquearaujo/organizze-sync/vendor/illuminate/database/Migrations/Migrator.php(167): Illuminate\\Database\\Migrations\\Migrator->runUp()
#14 /home/piggly/Shared/development/github/caiquearaujo/organizze-sync/vendor/illuminate/database/Migrations/Migrator.php(112): Illuminate\\Database\\Migrations\\Migrator->runPending()
#15 /home/piggly/Shared/development/github/caiquearaujo/organizze-sync/vendor/illuminate/database/Console/Migrations/MigrateCommand.php(86): Illuminate\\Database\\Migrations\\Migrator->run()
#16 /home/piggly/Shared/development/github/caiquearaujo/organizze-sync/vendor/illuminate/database/Migrations/Migrator.php(606): Illuminate\\Database\\Console\\Migrations\\MigrateCommand->Illuminate\\Database\\Console\\Migrations\\{closure}()
#17 /home/piggly/Shared/development/github/caiquearaujo/organizze-sync/vendor/illuminate/database/Console/Migrations/MigrateCommand.php(98): Illuminate\\Database\\Migrations\\Migrator->usingConnection()
#18 /home/piggly/Shared/development/github/caiquearaujo/organizze-sync/vendor/illuminate/container/BoundMethod.php(36): Illuminate\\Database\\Console\\Migrations\\MigrateCommand->handle()
#19 /home/piggly/Shared/development/github/caiquearaujo/organizze-sync/vendor/illuminate/container/Util.php(40): Illuminate\\Container\\BoundMethod::Illuminate\\Container\\{closure}()
#20 /home/piggly/Shared/development/github/caiquearaujo/organizze-sync/vendor/illuminate/container/BoundMethod.php(93): Illuminate\\Container\\Util::unwrapIfClosure()
#21 /home/piggly/Shared/development/github/caiquearaujo/organizze-sync/vendor/illuminate/container/BoundMethod.php(37): Illuminate\\Container\\BoundMethod::callBoundMethod()
#22 /home/piggly/Shared/development/github/caiquearaujo/organizze-sync/vendor/illuminate/container/Container.php(653): Illuminate\\Container\\BoundMethod::call()
#23 /home/piggly/Shared/development/github/caiquearaujo/organizze-sync/vendor/illuminate/console/Command.php(136): Illuminate\\Container\\Container->call()
#24 /home/piggly/Shared/development/github/caiquearaujo/organizze-sync/vendor/symfony/console/Command/Command.php(298): Illuminate\\Console\\Command->execute()
#25 /home/piggly/Shared/development/github/caiquearaujo/organizze-sync/vendor/illuminate/console/Command.php(121): Symfony\\Component\\Console\\Command\\Command->run()
#26 /home/piggly/Shared/development/github/caiquearaujo/organizze-sync/vendor/illuminate/console/Concerns/CallsCommands.php(68): Illuminate\\Console\\Command->run()
#27 /home/piggly/Shared/development/github/caiquearaujo/organizze-sync/vendor/illuminate/console/Concerns/CallsCommands.php(28): Illuminate\\Console\\Command->runCommand()
#28 /home/piggly/Shared/development/github/caiquearaujo/organizze-sync/vendor/laravel-zero/framework/src/Commands/Command.php(83): Illuminate\\Console\\Command->call()
#29 /home/piggly/Shared/development/github/caiquearaujo/organizze-sync/app/Commands/UpdateCommand.php(46): LaravelZero\\Framework\\Commands\\Command->call()
#30 /home/piggly/Shared/development/github/caiquearaujo/organizze-sync/vendor/illuminate/container/BoundMethod.php(36): App\\Commands\\UpdateCommand->handle()
#31 /home/piggly/Shared/development/github/caiquearaujo/organizze-sync/vendor/illuminate/container/Util.php(40): Illuminate\\Container\\BoundMethod::Illuminate\\Container\\{closure}()
#32 /home/piggly/Shared/development/github/caiquearaujo/organizze-sync/vendor/illuminate/container/BoundMethod.php(93): Illuminate\\Container\\Util::unwrapIfClosure()
#33 /home/piggly/Shared/development/github/caiquearaujo/organizze-sync/vendor/illuminate/container/BoundMethod.php(37): Illuminate\\Container\\BoundMethod::callBoundMethod()
#34 /home/piggly/Shared/development/github/caiquearaujo/organizze-sync/vendor/illuminate/container/Container.php(653): Illuminate\\Container\\BoundMethod::call()
#35 /home/piggly/Shared/development/github/caiquearaujo/organizze-sync/vendor/illuminate/console/Command.php(136): Illuminate\\Container\\Container->call()
#36 /home/piggly/Shared/development/github/caiquearaujo/organizze-sync/vendor/symfony/console/Command/Command.php(298): Illuminate\\Console\\Command->execute()
#37 /home/piggly/Shared/development/github/caiquearaujo/organizze-sync/vendor/illuminate/console/Command.php(121): Symfony\\Component\\Console\\Command\\Command->run()
#38 /home/piggly/Shared/development/github/caiquearaujo/organizze-sync/vendor/symfony/console/Application.php(1028): Illuminate\\Console\\Command->run()
#39 /home/piggly/Shared/development/github/caiquearaujo/organizze-sync/vendor/symfony/console/Application.php(299): Symfony\\Component\\Console\\Application->doRunCommand()
#40 /home/piggly/Shared/development/github/caiquearaujo/organizze-sync/vendor/symfony/console/Application.php(171): Symfony\\Component\\Console\\Application->doRun()
#41 /home/piggly/Shared/development/github/caiquearaujo/organizze-sync/vendor/illuminate/console/Application.php(94): Symfony\\Component\\Console\\Application->run()
#42 /home/piggly/Shared/development/github/caiquearaujo/organizze-sync/vendor/laravel-zero/foundation/src/Illuminate/Foundation/Console/Kernel.php(129): Illuminate\\Console\\Application->run()
#43 /home/piggly/Shared/development/github/caiquearaujo/organizze-sync/vendor/laravel-zero/framework/src/Kernel.php(91): Illuminate\\Foundation\\Console\\Kernel->handle()
#44 /home/piggly/Shared/development/github/caiquearaujo/organizze-sync/organizze-sync(37): LaravelZero\\Framework\\Kernel->handle()
#45 {main}
"} 
[2022-10-24 13:00:30] development.ERROR: SQLSTATE[42000]: Syntax error or access violation: 1068 Multiple primary key defined (SQL: alter table `categories` add primary key `categories_local_id_primary`(`local_id`)) {"exception":"[object] (Illuminate\\Database\\QueryException(code: 42000): SQLSTATE[42000]: Syntax error or access violation: 1068 Multiple primary key defined (SQL: alter table `categories` add primary key `categories_local_id_primary`(`local_id`)) at /home/piggly/Shared/development/github/caiquearaujo/organizze-sync/vendor/illuminate/database/Connection.php:712)
[stacktrace]
#0 /home/piggly/Shared/development/github/caiquearaujo/organizze-sync/vendor/illuminate/database/Connection.php(672): Illuminate\\Database\\Connection->runQueryCallback()
#1 /home/piggly/Shared/development/github/caiquearaujo/organizze-sync/vendor/illuminate/database/Connection.php(502): Illuminate\\Database\\Connection->run()
#2 /home/piggly/Shared/development/github/caiquearaujo/organizze-sync/vendor/illuminate/database/Schema/Blueprint.php(109): Illuminate\\Database\\Connection->statement()
#3 /home/piggly/Shared/development/github/caiquearaujo/organizze-sync/vendor/illuminate/database/Schema/Builder.php(364): Illuminate\\Database\\Schema\\Blueprint->build()
#4 /home/piggly/Shared/development/github/caiquearaujo/organizze-sync/vendor/illuminate/database/Schema/Builder.php(227): Illuminate\\Database\\Schema\\Builder->build()
#5 /home/piggly/Shared/development/github/caiquearaujo/organizze-sync/vendor/illuminate/support/Facades/Facade.php(261): Illuminate\\Database\\Schema\\Builder->create()
#6 /home/piggly/Shared/development/github/caiquearaujo/organizze-sync/database/migrations/2022_10_23_024535_create_categories_table.php(35): Illuminate\\Support\\Facades\\Facade::__callStatic()
#7 /home/piggly/Shared/development/github/caiquearaujo/organizze-sync/vendor/illuminate/database/Migrations/Migrator.php(472): CreateCategoriesTable->up()
#8 /home/piggly/Shared/development/github/caiquearaujo/organizze-sync/vendor/illuminate/database/Migrations/Migrator.php(394): Illuminate\\Database\\Migrations\\Migrator->runMethod()
#9 /home/piggly/Shared/development/github/caiquearaujo/organizze-sync/vendor/illuminate/database/Migrations/Migrator.php(403): Illuminate\\Database\\Migrations\\Migrator->Illuminate\\Database\\Migrations\\{closure}()
#10 /home/piggly/Shared/development/github/caiquearaujo/organizze-sync/vendor/illuminate/database/Migrations/Migrator.php(202): Illuminate\\Database\\Migrations\\Migrator->runMigration()
#11 /home/piggly/Shared/development/github/caiquearaujo/organizze-sync/vendor/illuminate/database/Migrations/Migrator.php(167): Illuminate\\Database\\Migrations\\Migrator->runUp()
#12 /home/piggly/Shared/development/github/caiquearaujo/organizze-sync/vendor/illuminate/database/Migrations/Migrator.php(112): Illuminate\\Database\\Migrations\\Migrator->runPending()
#13 /home/piggly/Shared/development/github/caiquearaujo/organizze-sync/vendor/illuminate/database/Console/Migrations/MigrateCommand.php(86): Illuminate\\Database\\Migrations\\Migrator->run()
#14 /home/piggly/Shared/development/github/caiquearaujo/organizze-sync/vendor/illuminate/database/Migrations/Migrator.php(606): Illuminate\\Database\\Console\\Migrations\\MigrateCommand->Illuminate\\Database\\Console\\Migrations\\{closure}()
#15 /home/piggly/Shared/development/github/caiquearaujo/organizze-sync/vendor/illuminate/database/Console/Migrations/MigrateCommand.php(98): Illuminate\\Database\\Migrations\\Migrator->usingConnection()
#16 /home/piggly/Shared/development/github/caiquearaujo/organizze-sync/vendor/illuminate/container/BoundMethod.php(36): Illuminate\\Database\\Console\\Migrations\\MigrateCommand->handle()
#17 /home/piggly/Shared/development/github/caiquearaujo/organizze-sync/vendor/illuminate/container/Util.php(40): Illuminate\\Container\\BoundMethod::Illuminate\\Container\\{closure}()
#18 /home/piggly/Shared/development/github/caiquearaujo/organizze-sync/vendor/illuminate/container/BoundMethod.php(93): Illuminate\\Container\\Util::unwrapIfClosure()
#19 /home/piggly/Shared/development/github/caiquearaujo/organizze-sync/vendor/illuminate/container/BoundMethod.php(37): Illuminate\\Container\\BoundMethod::callBoundMethod()
#20 /home/piggly/Shared/development/github/caiquearaujo/organizze-sync/vendor/illuminate/container/Container.php(653): Illuminate\\Container\\BoundMethod::call()
#21 /home/piggly/Shared/development/github/caiquearaujo/organizze-sync/vendor/illuminate/console/Command.php(136): Illuminate\\Container\\Container->call()
#22 /home/piggly/Shared/development/github/caiquearaujo/organizze-sync/vendor/symfony/console/Command/Command.php(298): Illuminate\\Console\\Command->execute()
#23 /home/piggly/Shared/development/github/caiquearaujo/organizze-sync/vendor/illuminate/console/Command.php(121): Symfony\\Component\\Console\\Command\\Command->run()
#24 /home/piggly/Shared/development/github/caiquearaujo/organizze-sync/vendor/illuminate/console/Concerns/CallsCommands.php(68): Illuminate\\Console\\Command->run()
#25 /home/piggly/Shared/development/github/caiquearaujo/organizze-sync/vendor/illuminate/console/Concerns/CallsCommands.php(28): Illuminate\\Console\\Command->runCommand()
#26 /home/piggly/Shared/development/github/caiquearaujo/organizze-sync/vendor/laravel-zero/framework/src/Commands/Command.php(83): Illuminate\\Console\\Command->call()
#27 /home/piggly/Shared/development/github/caiquearaujo/organizze-sync/app/Commands/UpdateCommand.php(46): LaravelZero\\Framework\\Commands\\Command->call()
#28 /home/piggly/Shared/development/github/caiquearaujo/organizze-sync/vendor/illuminate/container/BoundMethod.php(36): App\\Commands\\UpdateCommand->handle()
#29 /home/piggly/Shared/development/github/caiquearaujo/organizze-sync/vendor/illuminate/container/Util.php(40): Illuminate\\Container\\BoundMethod::Illuminate\\Container\\{closure}()
#30 /home/piggly/Shared/development/github/caiquearaujo/organizze-sync/vendor/illuminate/container/BoundMethod.php(93): Illuminate\\Container\\Util::unwrapIfClosure()
#31 /home/piggly/Shared/development/github/caiquearaujo/organizze-sync/vendor/illuminate/container/BoundMethod.php(37): Illuminate\\Container\\BoundMethod::callBoundMethod()
#32 /home/piggly/Shared/development/github/caiquearaujo/organizze-sync/vendor/illuminate/container/Container.php(653): Illuminate\\Container\\BoundMethod::call()
#33 /home/piggly/Shared/development/github/caiquearaujo/organizze-sync/vendor/illuminate/console/Command.php(136): Illuminate\\Container\\Container->call()
#34 /home/piggly/Shared/development/github/caiquearaujo/organizze-sync/vendor/symfony/console/Command/Command.php(298): Illuminate\\Console\\Command->execute()
#35 /home/piggly/Shared/development/github/caiquearaujo/organizze-sync/vendor/illuminate/console/Command.php(121): Symfony\\Component\\Console\\Command\\Command->run()
#36 /home/piggly/Shared/development/github/caiquearaujo/organizze-sync/vendor/symfony/console/Application.php(1028): Illuminate\\Console\\Command->run()
#37 /home/piggly/Shared/development/github/caiquearaujo/organizze-sync/vendor/symfony/console/Application.php(299): Symfony\\Component\\Console\\Application->doRunCommand()
#38 /home/piggly/Shared/development/github/caiquearaujo/organizze-sync/vendor/symfony/console/Application.php(171): Symfony\\Component\\Console\\Application->doRun()
#39 /home/piggly/Shared/development/github/caiquearaujo/organizze-sync/vendor/illuminate/console/Application.php(94): Symfony\\Component\\Console\\Application->run()
#40 /home/piggly/Shared/development/github/caiquearaujo/organizze-sync/vendor/laravel-zero/foundation/src/Illuminate/Foundation/Console/Kernel.php(129): Illuminate\\Console\\Application->run()
#41 /home/piggly/Shared/development/github/caiquearaujo/organizze-sync/vendor/laravel-zero/framework/src/Kernel.php(91): Illuminate\\Foundation\\Console\\Kernel->handle()
#42 /home/piggly/Shared/development/github/caiquearaujo/organizze-sync/organizze-sync(37): LaravelZero\\Framework\\Kernel->handle()
#43 {main}

[previous exception] [object] (PDOException(code: 42000): SQLSTATE[42000]: Syntax error or access violation: 1068 Multiple primary key defined at /home/piggly/Shared/development/github/caiquearaujo/organizze-sync/vendor/illuminate/database/Connection.php:501)
[stacktrace]
#0 /home/piggly/Shared/development/github/caiquearaujo/organizze-sync/vendor/illuminate/database/Connection.php(501): PDOStatement->execute()
#1 /home/piggly/Shared/development/github/caiquearaujo/organizze-sync/vendor/illuminate/database/Connection.php(705): Illuminate\\Database\\Connection->Illuminate\\Database\\{closure}()
#2 /home/piggly/Shared/development/github/caiquearaujo/organizze-sync/vendor/illuminate/database/Connection.php(672): Illuminate\\Database\\Connection->runQueryCallback()
#3 /home/piggly/Shared/development/github/caiquearaujo/organizze-sync/vendor/illuminate/database/Connection.php(502): Illuminate\\Database\\Connection->run()
#4 /home/piggly/Shared/development/github/caiquearaujo/organizze-sync/vendor/illuminate/database/Schema/Blueprint.php(109): Illuminate\\Database\\Connection->statement()
#5 /home/piggly/Shared/development/github/caiquearaujo/organizze-sync/vendor/illuminate/database/Schema/Builder.php(364): Illuminate\\Database\\Schema\\Blueprint->build()
#6 /home/piggly/Shared/development/github/caiquearaujo/organizze-sync/vendor/illuminate/database/Schema/Builder.php(227): Illuminate\\Database\\Schema\\Builder->build()
#7 /home/piggly/Shared/development/github/caiquearaujo/organizze-sync/vendor/illuminate/support/Facades/Facade.php(261): Illuminate\\Database\\Schema\\Builder->create()
#8 /home/piggly/Shared/development/github/caiquearaujo/organizze-sync/database/migrations/2022_10_23_024535_create_categories_table.php(35): Illuminate\\Support\\Facades\\Facade::__callStatic()
#9 /home/piggly/Shared/development/github/caiquearaujo/organizze-sync/vendor/illuminate/database/Migrations/Migrator.php(472): CreateCategoriesTable->up()
#10 /home/piggly/Shared/development/github/caiquearaujo/organizze-sync/vendor/illuminate/database/Migrations/Migrator.php(394): Illuminate\\Database\\Migrations\\Migrator->runMethod()
#11 /home/piggly/Shared/development/github/caiquearaujo/organizze-sync/vendor/illuminate/database/Migrations/Migrator.php(403): Illuminate\\Database\\Migrations\\Migrator->Illuminate\\Database\\Migrations\\{closure}()
#12 /home/piggly/Shared/development/github/caiquearaujo/organizze-sync/vendor/illuminate/database/Migrations/Migrator.php(202): Illuminate\\Database\\Migrations\\Migrator->runMigration()
#13 /home/piggly/Shared/development/github/caiquearaujo/organizze-sync/vendor/illuminate/database/Migrations/Migrator.php(167): Illuminate\\Database\\Migrations\\Migrator->runUp()
#14 /home/piggly/Shared/development/github/caiquearaujo/organizze-sync/vendor/illuminate/database/Migrations/Migrator.php(112): Illuminate\\Database\\Migrations\\Migrator->runPending()
#15 /home/piggly/Shared/development/github/caiquearaujo/organizze-sync/vendor/illuminate/database/Console/Migrations/MigrateCommand.php(86): Illuminate\\Database\\Migrations\\Migrator->run()
#16 /home/piggly/Shared/development/github/caiquearaujo/organizze-sync/vendor/illuminate/database/Migrations/Migrator.php(606): Illuminate\\Database\\Console\\Migrations\\MigrateCommand->Illuminate\\Database\\Console\\Migrations\\{closure}()
#17 /home/piggly/Shared/development/github/caiquearaujo/organizze-sync/vendor/illuminate/database/Console/Migrations/MigrateCommand.php(98): Illuminate\\Database\\Migrations\\Migrator->usingConnection()
#18 /home/piggly/Shared/development/github/caiquearaujo/organizze-sync/vendor/illuminate/container/BoundMethod.php(36): Illuminate\\Database\\Console\\Migrations\\MigrateCommand->handle()
#19 /home/piggly/Shared/development/github/caiquearaujo/organizze-sync/vendor/illuminate/container/Util.php(40): Illuminate\\Container\\BoundMethod::Illuminate\\Container\\{closure}()
#20 /home/piggly/Shared/development/github/caiquearaujo/organizze-sync/vendor/illuminate/container/BoundMethod.php(93): Illuminate\\Container\\Util::unwrapIfClosure()
#21 /home/piggly/Shared/development/github/caiquearaujo/organizze-sync/vendor/illuminate/container/BoundMethod.php(37): Illuminate\\Container\\BoundMethod::callBoundMethod()
#22 /home/piggly/Shared/development/github/caiquearaujo/organizze-sync/vendor/illuminate/container/Container.php(653): Illuminate\\Container\\BoundMethod::call()
#23 /home/piggly/Shared/development/github/caiquearaujo/organizze-sync/vendor/illuminate/console/Command.php(136): Illuminate\\Container\\Container->call()
#24 /home/piggly/Shared/development/github/caiquearaujo/organizze-sync/vendor/symfony/console/Command/Command.php(298): Illuminate\\Console\\Command->execute()
#25 /home/piggly/Shared/development/github/caiquearaujo/organizze-sync/vendor/illuminate/console/Command.php(121): Symfony\\Component\\Console\\Command\\Command->run()
#26 /home/piggly/Shared/development/github/caiquearaujo/organizze-sync/vendor/illuminate/console/Concerns/CallsCommands.php(68): Illuminate\\Console\\Command->run()
#27 /home/piggly/Shared/development/github/caiquearaujo/organizze-sync/vendor/illuminate/console/Concerns/CallsCommands.php(28): Illuminate\\Console\\Command->runCommand()
#28 /home/piggly/Shared/development/github/caiquearaujo/organizze-sync/vendor/laravel-zero/framework/src/Commands/Command.php(83): Illuminate\\Console\\Command->call()
#29 /home/piggly/Shared/development/github/caiquearaujo/organizze-sync/app/Commands/UpdateCommand.php(46): LaravelZero\\Framework\\Commands\\Command->call()
#30 /home/piggly/Shared/development/github/caiquearaujo/organizze-sync/vendor/illuminate/container/BoundMethod.php(36): App\\Commands\\UpdateCommand->handle()
#31 /home/piggly/Shared/development/github/caiquearaujo/organizze-sync/vendor/illuminate/container/Util.php(40): Illuminate\\Container\\BoundMethod::Illuminate\\Container\\{closure}()
#32 /home/piggly/Shared/development/github/caiquearaujo/organizze-sync/vendor/illuminate/container/BoundMethod.php(93): Illuminate\\Container\\Util::unwrapIfClosure()
#33 /home/piggly/Shared/development/github/caiquearaujo/organizze-sync/vendor/illuminate/container/BoundMethod.php(37): Illuminate\\Container\\BoundMethod::callBoundMethod()
#34 /home/piggly/Shared/development/github/caiquearaujo/organizze-sync/vendor/illuminate/container/Container.php(653): Illuminate\\Container\\BoundMethod::call()
#35 /home/piggly/Shared/development/github/caiquearaujo/organizze-sync/vendor/illuminate/console/Command.php(136): Illuminate\\Container\\Container->call()
#36 /home/piggly/Shared/development/github/caiquearaujo/organizze-sync/vendor/symfony/console/Command/Command.php(298): Illuminate\\Console\\Command->execute()
#37 /home/piggly/Shared/development/github/caiquearaujo/organizze-sync/vendor/illuminate/console/Command.php(121): Symfony\\Component\\Console\\Command\\Command->run()
#38 /home/piggly/Shared/development/github/caiquearaujo/organizze-sync/vendor/symfony/console/Application.php(1028): Illuminate\\Console\\Command->run()
#39 /home/piggly/Shared/development/github/caiquearaujo/organizze-sync/vendor/symfony/console/Application.php(299): Symfony\\Component\\Console\\Application->doRunCommand()
#40 /home/piggly/Shared/development/github/caiquearaujo/organizze-sync/vendor/symfony/console/Application.php(171): Symfony\\Component\\Console\\Application->doRun()
#41 /home/piggly/Shared/development/github/caiquearaujo/organizze-sync/vendor/illuminate/console/Application.php(94): Symfony\\Component\\Console\\Application->run()
#42 /home/piggly/Shared/development/github/caiquearaujo/organizze-sync/vendor/laravel-zero/foundation/src/Illuminate/Foundation/Console/Kernel.php(129): Illuminate\\Console\\Application->run()
#43 /home/piggly/Shared/development/github/caiquearaujo/organizze-sync/vendor/laravel-zero/framework/src/Kernel.php(91): Illuminate\\Foundation\\Console\\Kernel->handle()
#44 /home/piggly/Shared/development/github/caiquearaujo/organizze-sync/organizze-sync(37): LaravelZero\\Framework\\Kernel->handle()
#45 {main}
"} 
